1613586755293	geckodriver	INFO	Listening on 127.0.0.1:50370
1613586758300	mozrunner::runner	INFO	Running command: "C:\\Program Files\\Mozilla Firefox\\firefox.exe" "--marionette" "-foreground" "-no-remote" "-profile" "B:\\temptemp\\rust_mozprofileuDLTaI"
console.warn: SearchSettings: "get: No settings file exists, new profile?" (new Error("", "(unknown module)"))
1613586760407	Marionette	INFO	Listening on port 50378
1613586760523	Marionette	WARN	TLS certificate errors will be ignored for this session
1613586760533	Marionette	ERROR	[15] No reply from Marionette:Register
console.warn: SearchSettings: "get: No settings file exists, new profile?" (new Error("", "(unknown module)"))
JavaScript error: resource://gre/actors/AutoCompleteChild.jsm, line 125: Error: Invalid autocomplete selectedIndex
1613586762031	Marionette	INFO	Stopped listening on port 50378
JavaScript error: resource:///actors/ContentMetaChild.jsm, line 179: InvalidStateError: JSWindowActorChild.sendAsyncMessage: JSWindowActorChild cannot send at the moment

###!!! [Child][RunMessage] Error: Channel closing: too late to send/recv, messages will be lost

1613587121372	geckodriver	INFO	Listening on 127.0.0.1:50497
1613587124410	mozrunner::runner	INFO	Running command: "C:\\Program Files\\Mozilla Firefox\\firefox.exe" "--marionette" "-foreground" "-no-remote" "-profile" "B:\\temptemp\\rust_mozprofileFrZbaR"
console.warn: SearchSettings: "get: No settings file exists, new profile?" (new Error("", "(unknown module)"))
1613587125767	Marionette	INFO	Listening on port 50505
1613587126027	Marionette	WARN	TLS certificate errors will be ignored for this session
1613587126035	Marionette	ERROR	[18] No reply from Marionette:Register
console.warn: SearchSettings: "get: No settings file exists, new profile?" (new Error("", "(unknown module)"))
JavaScript error: resource://gre/actors/AutoCompleteChild.jsm, line 125: Error: Invalid autocomplete selectedIndex
1613587127436	Marionette	INFO	Stopped listening on port 50505
1613587146522	geckodriver	INFO	Listening on 127.0.0.1:50550
1613587149566	mozrunner::runner	INFO	Running command: "C:\\Program Files\\Mozilla Firefox\\firefox.exe" "--marionette" "-foreground" "-no-remote" "-profile" "B:\\temptemp\\rust_mozprofilew91Iam"
console.warn: SearchSettings: "get: No settings file exists, new profile?" (new Error("", "(unknown module)"))
1613587151213	Marionette	INFO	Listening on port 50558
console.warn: SearchSettings: "get: No settings file exists, new profile?" (new Error("", "(unknown module)"))
1613587151686	Marionette	WARN	TLS certificate errors will be ignored for this session
1613587151693	Marionette	ERROR	[18] No reply from Marionette:Register
JavaScript error: resource://gre/actors/AutoCompleteChild.jsm, line 125: Error: Invalid autocomplete selectedIndex
1613587153190	Marionette	INFO	Stopped listening on port 50558

###!!! [Child][RunMessage] Error: Channel closing: too late to send/recv, messages will be lost

1613587242852	geckodriver	INFO	Listening on 127.0.0.1:50676
1613587245324	geckodriver	INFO	Listening on 127.0.0.1:50681
1613587248360	mozrunner::runner	INFO	Running command: "C:\\Program Files\\Mozilla Firefox\\firefox.exe" "--marionette" "-foreground" "-no-remote" "-profile" "B:\\temptemp\\rust_mozprofileYU0WvT"
console.warn: SearchSettings: "get: No settings file exists, new profile?" (new Error("", "(unknown module)"))
1613587255144	Marionette	INFO	Listening on port 50689
1613587255488	Marionette	WARN	TLS certificate errors will be ignored for this session
1613587255497	Marionette	ERROR	[15] No reply from Marionette:Register
console.warn: SearchSettings: "get: No settings file exists, new profile?" (new Error("", "(unknown module)"))
SourceActor threw an exception: [Exception... "Failed to open input source 'javascript:false'"  nsresult: "0x80040111 (NS_ERROR_NOT_AVAILABLE)"  location: "JS frame :: resource://devtools/shared/DevToolsUtils.js :: mainThreadFetch/< :: line 668"  data: yes]
Stack: mainThreadFetch/<@resource://devtools/shared/DevToolsUtils.js:668:15
mainThreadFetch@resource://devtools/shared/DevToolsUtils.js:516:10
_fetchURLContents@resource://devtools/server/actors/utils/sources-manager.js:439:22
urlContents@resource://devtools/server/actors/utils/sources-manager.js:406:17
_resurrectSource@resource://devtools/server/actors/thread.js:2112:35
addAllSources@resource://devtools/server/actors/thread.js:1482:14
watch@resource://devtools/server/actors/resources/sources.js:52:17
watchResources@resource://devtools/server/actors/resources/index.js:204:19
_watchTargetResources@resource://devtools/server/actors/targets/target-actor-mixin.js:52:24
addWatcherDataEntry@resource://devtools/server/actors/targets/target-actor-mixin.js:29:21
_addWatcherDataEntry@resource://devtools/server/connectors/js-window-actor/DevToolsFrameChild.jsm:411:24
receiveMessage@resource://devtools/server/connectors/js-window-actor/DevToolsFrameChild.jsm:353:21
Line: 668, column: 0
console.error: ({})
JavaScript error: resource://devtools/shared/DevToolsUtils.js, line 668: NS_ERROR_NOT_AVAILABLE: Failed to open input source 'javascript:false'
console.log: WebExtensions: reset-default-search: No addons in our list are installed.
JavaScript error: resource://activity-stream/lib/ASRouter.jsm, line 987: NS_ERROR_ILLEGAL_VALUE: Component returned failure code: 0x80070057 (NS_ERROR_ILLEGAL_VALUE) [nsIObserverService.removeObserver]
[Parent 2548, IPC I/O Parent] WARNING: file /builds/worker/checkouts/gecko/ipc/chromium/src/base/process_util_win.cc:167

###!!! [Child][RunMessage] Error: Channel closing: too late to send/recv, messages will be lost

1613589850551	Marionette	INFO	Stopped listening on port 50689

###!!! [Child][RunMessage] Error: Channel closing: too late to send/recv, messages will be lost

l be ignored for this session
1613588136776	Marionette	ERROR	[15] No reply from Marionette:Register
1613588147060	Marionette	INFO	Stopped listening on port 49341613588147726	mozrunner::runner	INFO	Running command: "C:\\Program Files\\Mozilla Firefox\\firefox.exe" "--marionette" "-foreground" "-no-remote" "-profile" "B:\\temptemp\\rust_mozprofilevsSFWL"
console.warn: SearchSettings: "get: No settings file exists, new profile?" (new Error("", "(unknown module)"))
1613588149118	Marionette	INFO	Listening on port 49410
1613588149344	Marionette	WARN	TLS certificate errors will be ignored for this session
1613588149352	Marionette	ERROR	[15] No reply from Marionette:Register
console.warn: SearchSettings: "get: No settings file exists, new profile?" (new Error("", "(unknown module)"))
1613588165550	Marionette	INFO	Stopped listening on port 49411613588167134	mozrunner::runner	INFO	Running command: "C:\\Program Files\\Mozilla Firefox\\firefox.exe" "--marionette" "-foreground" "-no-remote" "-profile" "B:\\temptemp\\rust_mozprofileYhxBT5"
console.warn: SearchSettings: "get: No settings file exists, new profile?" (new Error("", "(unknown module)"))
1613588168609	Marionette	INFO	Listening on port 49480
1613588168752	Marionette	WARN	TLS certificate errors will be ignored for this session
1613588168758	Marionette	ERROR	[15] No reply from Marionette:Register
console.warn: SearchSettings: "get: No settings file exists, new profile?" (new Error("", "(unknown module)"))
SourceActor threw an exception: [Exception... "Failed to open input source 'javascript:false'"  nsresult: "0x80040111 (NS_ERROR_NOT_AVAILABLE)"  location: "JS frame :: resource://devtools/shared/DevToolsUtils.js :: mainThreadFetch/< :: line 668"  data: yes]
Stack: mainThreadFetch/<@resource://devtools/shared/DevToolsUtils.js:668:15
mainThreadFetch@resource://devtools/shared/DevToolsUtils.js:516:10
_fetchURLContents@resource://devtools/server/actors/utils/sources-manager.js:439:22
urlContents@resource://devtools/server/actors/utils/sources-manager.js:406:17
_resurrectSource@resource://devtools/server/actors/thread.js:2112:35
addAllSources@resource://devtools/server/actors/thread.js:1482:14
watch@resource://devtools/server/actors/resources/sources.js:52:17
watchResources@resource://devtools/server/actors/resources/index.js:204:19
_watchTargetResources@resource://devtools/server/actors/targets/target-actor-mixin.js:52:24
addWatcherDataEntry@resource://devtools/server/actors/targets/target-actor-mixin.js:29:21
_addWatcherDataEntry@resource://devtools/server/connectors/js-window-actor/DevToolsFrameChild.jsm:411:24
receiveMessage@resource://devtools/server/connectors/js-window-actor/DevToolsFrameChild.jsm:353:21
Line: 668, column: 0
console.error: ({})
JavaScript error: resource://devtools/shared/DevToolsUtils.js, line 668: NS_ERROR_NOT_AVAILABLE: Failed to open input source 'javascript:false'
1613588326020	Marionette	INFO	Stopped listening on port 49480

###!!! [Child][RunMessage] Error: Channel closing: too late to send/recv, messages will be lost

1613588327497	geckodriver	INFO	Listening on 127.0.0.1:49607
1613588330546	mozrunner::runner	INFO	Running command: "C:\\Program Files\\Mozilla Firefox\\firefox.exe" "--marionette" "-foreground" "-no-remote" "-profile" "B:\\temptemp\\rust_mozprofilelH1KTR"
console.warn: SearchSettings: "get: No settings file exists, new profile?" (new Error("", "(unknown module)"))
1613588332135	Marionette	INFO	Listening on port 49615
1613588332168	Marionette	WARN	TLS certificate errors will be ignored for this session
1613588332178	Marionette	ERROR	[15] No reply from Marionette:Register
console.warn: SearchSettings: "get: No settings file exists, new profile?" (new Error("", "(unknown module)"))
SourceActor threw an exception: [Exception... "Failed to open input source 'javascript:false'"  nsresult: "0x80040111 (NS_ERROR_NOT_AVAILABLE)"  location: "JS frame :: resource://devtools/shared/DevToolsUtils.js :: mainThreadFetch/< :: line 668"  data: yes]
Stack: mainThreadFetch/<@resource://devtools/shared/DevToolsUtils.js:668:15
mainThreadFetch@resource://devtools/shared/DevToolsUtils.js:516:10
_fetchURLContents@resource://devtools/server/actors/utils/sources-manager.js:439:22
urlContents@resource://devtools/server/actors/utils/sources-manager.js:406:17
_resurrectSource@resource://devtools/server/actors/thread.js:2112:35
addAllSources@resource://devtools/server/actors/thread.js:1482:14
watch@resource://devtools/server/actors/resources/sources.js:52:17
watchResources@resource://devtools/server/actors/resources/index.js:204:19
_watchTargetResources@resource://devtools/server/actors/targets/target-actor-mixin.js:52:24
addWatcherDataEntry@resource://devtools/server/actors/targets/target-actor-mixin.js:29:21
_addWatcherDataEntry@resource://devtools/server/connectors/js-window-actor/DevToolsFrameChild.jsm:411:24
receiveMessage@resource://devtools/server/connectors/js-window-actor/DevToolsFrameChild.jsm:353:21
Line: 668, column: 0
console.error: ({})
JavaScript error: resource://devtools/shared/DevToolsUtils.js, line 668: NS_ERROR_NOT_AVAILABLE: Failed to open input source 'javascript:false'
1613588397446	Marionette	INFO	Stopped listening on port 49615

###!!! [Child][RunMessage] Error: Channel closing: too late to send/recv, messages will be lost

1613588398622	geckodriver	INFO	Listening on 127.0.0.1:49721
1613588401646	mozrunner::runner	INFO	Running command: "C:\\Program Files\\Mozilla Firefox\\firefox.exe" "--marionette" "-foreground" "-no-remote" "-profile" "B:\\temptemp\\rust_mozprofileoNMq6T"
console.warn: SearchSettings: "get: No settings file exists, new profile?" (new Error("", "(unknown module)"))
1613588403130	Marionette	INFO	Listening on port 49729
1613588403264	Marionette	WARN	TLS certificate errors will be ignored for this session
1613588403270	Marionette	ERROR	[15] No reply from Marionette:Register
console.warn: SearchSettings: "get: No settings file exists, new profile?" (new Error("", "(unknown module)"))
SourceActor threw an exception: [Exception... "Failed to open input source 'javascript:false'"  nsresult: "0x80040111 (NS_ERROR_NOT_AVAILABLE)"  location: "JS frame :: resource://devtools/shared/DevToolsUtils.js :: mainThreadFetch/< :: line 668"  data: yes]
Stack: mainThreadFetch/<@resource://devtools/shared/DevToolsUtils.js:668:15
mainThreadFetch@resource://devtools/shared/DevToolsUtils.js:516:10
_fetchURLContents@resource://devtools/server/actors/utils/sources-manager.js:439:22
urlContents@resource://devtools/server/actors/utils/sources-manager.js:406:17
_resurrectSource@resource://devtools/server/actors/thread.js:2112:35
addAllSources@resource://devtools/server/actors/thread.js:1482:14
watch@resource://devtools/server/actors/resources/sources.js:52:17
watchResources@resource://devtools/server/actors/resources/index.js:204:19
_watchTargetResources@resource://devtools/server/actors/targets/target-actor-mixin.js:52:24
addWatcherDataEntry@resource://devtools/server/actors/targets/target-actor-mixin.js:29:21
_addWatcherDataEntry@resource://devtools/server/connectors/js-window-actor/DevToolsFrameChild.jsm:411:24
receiveMessage@resource://devtools/server/connectors/js-window-actor/DevToolsFrameChild.jsm:353:21
Line: 668, column: 0
console.error: ({})
JavaScript error: resource://devtools/shared/DevToolsUtils.js, line 668: NS_ERROR_NOT_AVAILABLE: Failed to open input source 'javascript:false'
1613588478589	Marionette	INFO	Stopped listening on port 49721613588479872	mozrunner::runner	INFO	Running command: "C:\\Program Files\\Mozilla Firefox\\firefox.exe" "--marionette" "-foreground" "-no-remote" "-profile" "B:\\temptemp\\rust_mozprofileLzp25N"
console.warn: SearchSettings: "get: No settings file exists, new profile?" (new Error("", "(unknown module)"))
1613588481198	Marionette	INFO	Listening on port 49852
1613588481489	Marionette	WARN	TLS certificate errors will be ignored for this session
1613588481497	Marionette	ERROR	[15] No reply from Marionette:Register
1613588502816	Marionette	INFO	Stopped listening on port 49851613588502897	mozrunner::runner	INFO	Running command: "C:\\Program Files\\Mozilla Firefox\\firefox.exe" "--marionette" "-foreground" "-no-remote" "-profile" "B:\\temptemp\\rust_mozprofilegTqxKP"
console.warn: SearchSettings: "get: No settings file exists, new profile?" (new Error("", "(unknown module)"))
1613588504346	Marionette	INFO	Listening on port 49942
1613588504514	Marionette	WARN	TLS certificate errors will be ignored for this session
1613588504523	Marionette	ERROR	[15] No reply from Marionette:Register
console.warn: SearchSettings: "get: No settings file exists, new profile?" (new Error("", "(unknown module)"))
1613588517060	Marionette	INFO	Stopped listening on port 49941613588519127	mozrunner::runner	INFO	Running command: "C:\\Program Files\\Mozilla Firefox\\firefox.exe" "--marionette" "-foreground" "-no-remote" "-profile" "B:\\temptemp\\rust_mozprofileAGOnfa"
console.warn: SearchSettings: "get: No settings file exists, new profile?" (new Error("", "(unknown module)"))
1613588520603	Marionette	INFO	Listening on port 50017
1613588520745	Marionette	WARN	TLS certificate errors will be ignored for this session
1613588520751	Marionette	ERROR	[18] No reply from Marionette:Register
console.warn: SearchSettings: "get: No settings file exists, new profile?" (new Error("", "(unknown module)"))
1613588627463	Marionette	INFO	Stopped listening on port 50017

###!!! [Child][RunMessage] Error: Channel closing: too late to send/recv, messages will be lost

1613588641708	geckodriver	INFO	Listening on 127.0.0.1:50085
1613588644746	mozrunner::runner	INFO	Running command: "C:\\Program Files\\Mozilla Firefox\\firefox.exe" "--marionette" "-foreground" "-no-remote" "-profile" "B:\\temptemp\\rust_mozprofile1J9ISN"
console.warn: SearchSettings: "get: No settings file exists, new profile?" (new Error("", "(unknown module)"))
1613588646314	Marionette	INFO	Listening on port 50093
1613588646369	Marionette	WARN	TLS certificate errors will be ignored for this session
1613588646380	Marionette	ERROR	[18] No reply from Marionette:Register
console.warn: SearchSettings: "get: No settings file exists, new profile?" (new Error("", "(unknown module)"))
1613588678054	Marionette	INFO	Stopped listening on port 50093

###!!! [Child][RunMessage] Error: Channel closing: too late to send/recv, messages will be lost

"--marionette" "-foreground" "-no-remote" "-profile" "B:\\temptemp\\rust_mozprofileWO6lAW"
console.warn: SearchSettings: "get: No settings file exists, new profile?" (new Error("", "(unknown module)"))
1613588676194	Marionette	INFO	Listening on port 50163
1613588676699	Marionette	WARN	TLS certificate errors will be ignored for this session
1613588676706	Marionette	ERROR	[18] No reply from Marionette:Register
1613588720088	Marionette	INFO	Stopped listening on port 50161613588721742	mozrunner::runner	INFO	Running command: "C:\\Program Files\\Mozilla Firefox\\firefox.exe" "--marionette" "-foreground" "-no-remote" "-profile" "B:\\temptemp\\rust_mozprofile3xLf6T"
console.warn: SearchSettings: "get: No settings file exists, new profile?" (new Error("", "(unknown module)"))
1613588723253	Marionette	INFO	Listening on port 50260
1613588723364	Marionette	WARN	TLS certificate errors will be ignored for this session
1613588723372	Marionette	ERROR	[18] No reply from Marionette:Register
console.warn: SearchSettings: "get: No settings file exists, new profile?" (new Error("", "(unknown module)"))
1613588921553	Marionette	INFO	Stopped listening on port 50260

###!!! [Child][RunMessage] Error: Channel closing: too late to send/recv, messages will be lost

"--marionette" "-foreground" "-no-remote" "-profile" "B:\\temptemp\\rust_mozprofile5azaP0"
console.warn: SearchSettings: "get: No settings file exists, new profile?" (new Error("", "(unknown module)"))
1613588753179	Marionette	INFO	Listening on port 50354
1613588753316	Marionette	WARN	TLS certificate errors will be ignored for this session
1613588753322	Marionette	ERROR	[18] No reply from Marionette:Register
console.warn: SearchSettings: "get: No settings file exists, new profile?" (new Error("", "(unknown module)"))
1613588920510	Marionette	INFO	Stopped listening on port 50354

###!!! [Child][RunMessage] Error: Channel closing: too late to send/recv, messages will be lost

"--marionette" "-foreground" "-no-remote" "-profile" "B:\\temptemp\\rust_mozprofiley19bZv"
console.warn: SearchSettings: "get: No settings file exists, new profile?" (new Error("", "(unknown module)"))
1613588804605	Marionette	INFO	Listening on port 50452
1613588804980	Marionette	WARN	TLS certificate errors will be ignored for this session
1613588804987	Marionette	ERROR	[15] No reply from Marionette:Register
console.warn: SearchSettings: "get: No settings file exists, new profile?" (new Error("", "(unknown module)"))
1613588919864	Marionette	INFO	Stopped listening on port 50452

###!!! [Child][RunMessage] Error: Channel closing: too late to send/recv, messages will be lost

"--marionette" "-foreground" "-no-remote" "-profile" "B:\\temptemp\\rust_mozprofileTDs3PD"
console.warn: SearchSettings: "get: No settings file exists, new profile?" (new Error("", "(unknown module)"))
1613588845160	Marionette	INFO	Listening on port 50531
1613588845202	Marionette	WARN	TLS certificate errors will be ignored for this session
1613588845210	Marionette	ERROR	[18] No reply from Marionette:Register
console.warn: SearchSettings: "get: No settings file exists, new profile?" (new Error("", "(unknown module)"))
1613588919046	Marionette	INFO	Stopped listening on port 50531613588921158	mozrunner::runner	INFO	Running command: "C:\\Program Files\\Mozilla Firefox\\firefox.exe" "--marionette" "-foreground" "-no-remote" "-profile" "B:\\temptemp\\rust_mozprofileNwXI3i"
console.warn: SearchSettings: "get: No settings file exists, new profile?" (new Error("", "(unknown module)"))
1613588923244	Marionette	INFO	Listening on port 50603
1613588923278	Marionette	WARN	TLS certificate errors will be ignored for this session
1613588923286	Marionette	ERROR	[15] No reply from Marionette:Register
console.warn: SearchSettings: "get: No settings file exists, new profile?" (new Error("", "(unknown module)"))
console.log: WebExtensions: reset-default-search: No addons in our list are installed.
1613589845419	Marionette	INFO	Stopped listening on port 50603

###!!! [Child][RunMessage] Error: Channel closing: too late to send/recv, messages will be lost

V"
console.warn: SearchSettings: "get: No settings file exists, new profile?" (new Error("", "(unknown module)"))
1613588945869	Marionette	INFO	Listening on port 50675
1613588946125	Marionette	WARN	TLS certificate errors will be ignored for this session
1613588946131	Marionette	ERROR	[18] No reply from Marionette:Register
console.warn: SearchSettings: "get: No settings file exists, new profile?" (new Error("", "(unknown module)"))
[Parent 8172, IPC I/O Parent] WARNING: file /builds/worker/checkouts/gecko/ipc/chromium/src/base/process_util_win.cc:167
1613588967832	Marionette	INFO	Stopped listening on port 50675

###!!! [Child][RunMessage] Error: Channel closing: too late to send/recv, messages will be lost

1613589105230	geckodriver	INFO	Listening on 127.0.0.1:50790
1613589108268	mozrunner::runner	INFO	Running command: "C:\\Program Files\\Mozilla Firefox\\firefox.exe" "--marionette" "-foreground" "-no-remote" "-profile" "B:\\temptemp\\rust_mozprofileDN08S8"
console.warn: SearchSettings: "get: No settings file exists, new profile?" (new Error("", "(unknown module)"))
1613589109793	Marionette	INFO	Listening on port 50798
1613589109895	Marionette	WARN	TLS certificate errors will be ignored for this session
1613589109905	Marionette	ERROR	[15] No reply from Marionette:Register
console.warn: SearchSettings: "get: No settings file exists, new profile?" (new Error("", "(unknown module)"))
console.log: WebExtensions: reset-default-search: No addons in our list are installed.
1613589840789	Marionette	INFO	Stopped listening on port 50798

###!!! [Child][RunMessage] Error: Channel closing: too late to send/recv, messages will be lost

2"
console.warn: SearchSettings: "get: No settings file exists, new profile?" (new Error("", "(unknown module)"))
1613589178716	Marionette	INFO	Listening on port 50877
1613589178772	Marionette	WARN	TLS certificate errors will be ignored for this session
1613589178780	Marionette	ERROR	[18] No reply from Marionette:Register
console.warn: SearchSettings: "get: No settings file exists, new profile?" (new Error("", "(unknown module)"))
console.log: WebExtensions: reset-default-search: No addons in our list are installed.
JavaScript warning: resource://devtools/client/shared/demangle.js, line 0: Successfully compiled asm.js code (total compilation time 60ms)
Handler function threw an exception: TypeError: topFrame.browsingContext is null
Stack: matchRequest@resource://devtools/server/actors/network-monitor/network-observer.js:130:9
_onRequestHeader@resource://devtools/server/actors/network-monitor/network-observer.js:934:10
NetworkObserver.prototype.observeActivity<@resource://devtools/server/actors/network-monitor/network-observer.js:708:12
exports.makeInfallible/<@resource://devtools/shared/ThreadSafeDevToolsUtils.js:103:22
Line: 130, column: 9
console.error: (new TypeError("topFrame.browsingContext is null", "resource://devtools/server/actors/network-monitor/network-observer.js", 130))
Handler function _httpResponseExaminer threw an exception: TypeError: topFrame.browsingContext is null
Stack: matchRequest@resource://devtools/server/actors/network-monitor/network-observer.js:130:9
_httpResponseExaminer@resource://devtools/server/actors/network-monitor/network-observer.js:454:10
exports.makeInfallible/<@resource://devtools/shared/ThreadSafeDevToolsUtils.js:103:22
Line: 130, column: 9
console.error: (new TypeError("topFrame.browsingContext is null", "resource://devtools/server/actors/network-monitor/network-observer.js", 130))
Handler function threw an exception: TypeError: topFrame.browsingContext is null
Stack: matchRequest@resource://devtools/server/actors/network-monitor/network-observer.js:130:9
_onRequestHeader@resource://devtools/server/actors/network-monitor/network-observer.js:934:10
NetworkObserver.prototype.observeActivity<@resource://devtools/server/actors/network-monitor/network-observer.js:708:12
exports.makeInfallible/<@resource://devtools/shared/ThreadSafeDevToolsUtils.js:103:22
Line: 130, column: 9
console.error: (new TypeError("topFrame.browsingContext is null", "resource://devtools/server/actors/network-monitor/network-observer.js", 130))
Handler function threw an exception: TypeError: topFrame.browsingContext is null
Stack: matchRequest@resource://devtools/server/actors/network-monitor/network-observer.js:130:9
_onRequestHeader@resource://devtools/server/actors/network-monitor/network-observer.js:934:10
NetworkObserver.prototype.observeActivity<@resource://devtools/server/actors/network-monitor/network-observer.js:708:12
exports.makeInfallible/<@resource://devtools/shared/ThreadSafeDevToolsUtils.js:103:22
Line: 130, column: 9
console.error: (new TypeError("topFrame.browsingContext is null", "resource://devtools/server/actors/network-monitor/network-observer.js", 130))
Handler function _httpResponseExaminer threw an exception: TypeError: topFrame.browsingContext is null
Stack: matchRequest@resource://devtools/server/actors/network-monitor/network-observer.js:130:9
_httpResponseExaminer@resource://devtools/server/actors/network-monitor/network-observer.js:454:10
exports.makeInfallible/<@resource://devtools/shared/ThreadSafeDevToolsUtils.js:103:22
Line: 130, column: 9
console.error: (new TypeError("topFrame.browsingContext is null", "resource://devtools/server/actors/network-monitor/network-observer.js", 130))
Handler function _httpResponseExaminer threw an exception: TypeError: topFrame.browsingContext is null
Stack: matchRequest@resource://devtools/server/actors/network-monitor/network-observer.js:130:9
_httpResponseExaminer@resource://devtools/server/actors/network-monitor/network-observer.js:454:10
exports.makeInfallible/<@resource://devtools/shared/ThreadSafeDevToolsUtils.js:103:22
Line: 130, column: 9
console.error: (new TypeError("topFrame.browsingContext is null", "resource://devtools/server/actors/network-monitor/network-observer.js", 130))
1613595204252	Marionette	INFO	Stopped listening on port 50877

###!!! [Child][RunMessage] Error: Channel closing: too late to send/recv, messages will be lost

1613602910050	geckodriver	INFO	Listening on 127.0.0.1:52926
1613602913080	mozrunner::runner	INFO	Running command: "C:\\Program Files\\Mozilla Firefox\\firefox.exe" "--marionette" "-foreground" "-no-remote" "-profile" "B:\\temptemp\\rust_mozprofile7J8hWK"
console.warn: SearchSettings: "get: No settings file exists, new profile?" (new Error("", "(unknown module)"))
1613602915513	Marionette	INFO	Listening on port 52934
console.warn: SearchSettings: "get: No settings file exists, new profile?" (new Error("", "(unknown module)"))
1613602915899	Marionette	WARN	TLS certificate errors will be ignored for this session
1613602915914	Marionette	ERROR	[15] No reply from Marionette:Register
1613603090143	Marionette	INFO	Stopped listening on port 52934

###!!! [Child][RunMessage] Error: Channel closing: too late to send/recv, messages will be lost

"--marionette" "-foreground" "-no-remote" "-profile" "B:\\temptemp\\rust_mozprofiledcHf7q"
console.warn: SearchSettings: "get: No settings file exists, new profile?" (new Error("", "(unknown module)"))
1613602939500	Marionette	INFO	Listening on port 53011
1613602939548	Marionette	WARN	TLS certificate errors will be ignored for this session
1613602939555	Marionette	ERROR	[18] No reply from Marionette:Register
console.warn: SearchSettings: "get: No settings file exists, new profile?" (new Error("", "(unknown module)"))
1613603088925	Marionette	INFO	Stopped listening on port 53011

###!!! [Child][RunMessage] Error: Channel closing: too late to send/recv, messages will be lost

"--marionette" "-foreground" "-no-remote" "-profile" "B:\\temptemp\\rust_mozprofileg7N5vg"
console.warn: SearchSettings: "get: No settings file exists, new profile?" (new Error("", "(unknown module)"))
1613603029335	Marionette	INFO	Listening on port 53146
1613603029661	Marionette	WARN	TLS certificate errors will be ignored for this session
1613603029670	Marionette	ERROR	[15] No reply from Marionette:Register
console.warn: SearchSettings: "get: No settings file exists, new profile?" (new Error("", "(unknown module)"))
1613603087795	Marionette	INFO	Stopped listening on port 53141613603088551	mozrunner::runner	INFO	Running command: "C:\\Program Files\\Mozilla Firefox\\firefox.exe" "--marionette" "-foreground" "-no-remote" "-profile" "B:\\temptemp\\rust_mozprofilerMqgx8"
console.warn: SearchSettings: "get: No settings file exists, new profile?" (new Error("", "(unknown module)"))
1613603090569	Marionette	INFO	Listening on port 53231
1613603090680	Marionette	WARN	TLS certificate errors will be ignored for this session
1613603090698	Marionette	ERROR	[18] No reply from Marionette:Register
console.warn: SearchSettings: "get: No settings file exists, new profile?" (new Error("", "(unknown module)"))
1613603092460	Marionette	INFO	Stopped listening on port 53231

###!!! [Child][RunMessage] Error: Channel closing: too late to send/recv, messages will be lost

1613603096763	geckodriver	INFO	Listening on 127.0.0.1:53280
1613603099802	mozrunner::runner	INFO	Running command: "C:\\Program Files\\Mozilla Firefox\\firefox.exe" "--marionette" "-foreground" "-no-remote" "-profile" "B:\\temptemp\\rust_mozprofileqA0uve"
console.warn: SearchSettings: "get: No settings file exists, new profile?" (new Error("", "(unknown module)"))
1613603101376	Marionette	INFO	Listening on port 53288
1613603101421	Marionette	WARN	TLS certificate errors will be ignored for this session
1613603101429	Marionette	ERROR	[15] No reply from Marionette:Register
console.warn: SearchSettings: "get: No settings file exists, new profile?" (new Error("", "(unknown module)"))
1613603167241	Marionette	INFO	Stopped listening on port 53281613603169169	mozrunner::runner	INFO	Running command: "C:\\Program Files\\Mozilla Firefox\\firefox.exe" "--marionette" "-foreground" "-no-remote" "-profile" "B:\\temptemp\\rust_mozprofiley5KGTr"
console.warn: SearchSettings: "get: No settings file exists, new profile?" (new Error("", "(unknown module)"))
1613603170680	Marionette	INFO	Listening on port 53395
1613603170788	Marionette	WARN	TLS certificate errors will be ignored for this session
1613603170795	Marionette	ERROR	[15] No reply from Marionette:Register
console.warn: SearchSettings: "get: No settings file exists, new profile?" (new Error("", "(unknown module)"))
1613603172975	Marionette	INFO	Stopped listening on port 53395

###!!! [Child][RunMessage] Error: Channel closing: too late to send/recv, messages will be lost

1613603179433	geckodriver	INFO	Listening on 127.0.0.1:53443
1613603182471	mozrunner::runner	INFO	Running command: "C:\\Program Files\\Mozilla Firefox\\firefox.exe" "--marionette" "-foreground" "-no-remote" "-profile" "B:\\temptemp\\rust_mozprofileAJhKJN"
console.warn: SearchSettings: "get: No settings file exists, new profile?" (new Error("", "(unknown module)"))
1613603183835	Marionette	INFO	Listening on port 53451
1613603184088	Marionette	WARN	TLS certificate errors will be ignored for this session
1613603184096	Marionette	ERROR	[15] No reply from Marionette:Register
console.warn: SearchSettings: "get: No settings file exists, new profile?" (new Error("", "(unknown module)"))
1613603231934	Marionette	INFO	Stopped listening on port 53451613603234149	mozrunner::runner	INFO	Running command: "C:\\Program Files\\Mozilla Firefox\\firefox.exe" "--marionette" "-foreground" "-no-remote" "-profile" "B:\\temptemp\\rust_mozprofile4ATB4b"
console.warn: SearchSettings: "get: No settings file exists, new profile?" (new Error("", "(unknown module)"))
1613603235760	Marionette	INFO	Listening on port 53552
console.warn: SearchSettings: "get: No settings file exists, new profile?" (new Error("", "(unknown module)"))
1613603236269	Marionette	WARN	TLS certificate errors will be ignored for this session
1613603236277	Marionette	ERROR	[15] No reply from Marionette:Register
1613603268324	Marionette	INFO	Stopped listening on port 53551613603270586	mozrunner::runner	INFO	Running command: "C:\\Program Files\\Mozilla Firefox\\firefox.exe" "--marionette" "-foreground" "-no-remote" "-profile" "B:\\temptemp\\rust_mozprofile5UDHOd"
console.warn: SearchSettings: "get: No settings file exists, new profile?" (new Error("", "(unknown module)"))
1613603272066	Marionette	INFO	Listening on port 53638
1613603272212	Marionette	WARN	TLS certificate errors will be ignored for this session
1613603272221	Marionette	ERROR	[15] No reply from Marionette:Register
console.warn: SearchSettings: "get: No settings file exists, new profile?" (new Error("", "(unknown module)"))
1613603352466	geckodriver	INFO	Listening on 127.0.0.1:53708
1613603355492	mozrunner::runner	INFO	Running command: "C:\\Program Files\\Mozilla Firefox\\firefox.exe" "--marionette" "-foreground" "-no-remote" "-profile" "B:\\temptemp\\rust_mozprofile1bu5hv"
console.warn: SearchSettings: "get: No settings file exists, new profile?" (new Error("", "(unknown module)"))
1613603356842	Marionette	INFO	Listening on port 53717
1613603357109	Marionette	WARN	TLS certificate errors will be ignored for this session
1613603357116	Marionette	ERROR	[15] No reply from Marionette:Register
console.warn: SearchSettings: "get: No settings file exists, new profile?" (new Error("", "(unknown module)"))
1613603361382	geckodriver	INFO	Listening on 127.0.0.1:53770
1613603364434	mozrunner::runner	INFO	Running command: "C:\\Program Files\\Mozilla Firefox\\firefox.exe" "--marionette" "-foreground" "-no-remote" "-profile" "B:\\temptemp\\rust_mozprofileVrVTd7"
console.warn: SearchSettings: "get: No settings file exists, new profile?" (new Error("", "(unknown module)"))
1613603365762	Marionette	INFO	Listening on port 53778
1613603366052	Marionette	WARN	TLS certificate errors will be ignored for this session
1613603366060	Marionette	ERROR	[15] No reply from Marionette:Register
console.warn: SearchSettings: "get: No settings file exists, new profile?" (new Error("", "(unknown module)"))
1613603481035	geckodriver	INFO	Listening on 127.0.0.1:53884
1613603484091	mozrunner::runner	INFO	Running command: "C:\\Program Files\\Mozilla Firefox\\firefox.exe" "--marionette" "-foreground" "-no-remote" "-profile" "B:\\temptemp\\rust_mozprofileC4AJwo"
console.warn: SearchSettings: "get: No settings file exists, new profile?" (new Error("", "(unknown module)"))
1613603485587	Marionette	INFO	Listening on port 53892
1613603485710	Marionette	WARN	TLS certificate errors will be ignored for this session
1613603485717	Marionette	ERROR	[18] No reply from Marionette:Register
console.warn: SearchSettings: "get: No settings file exists, new profile?" (new Error("", "(unknown module)"))
1613603525853	Marionette	ERROR	[35] No reply from Marionette:Register
1613603549900	Marionette	ERROR	[37] No reply from Marionette:Register
1613603721747	geckodriver	INFO	Listening on 127.0.0.1:54011
1613603724789	mozrunner::runner	INFO	Running command: "C:\\Program Files\\Mozilla Firefox\\firefox.exe" "--marionette" "-foreground" "-no-remote" "-profile" "B:\\temptemp\\rust_mozprofilegiC0By"
console.warn: SearchSettings: "get: No settings file exists, new profile?" (new Error("", "(unknown module)"))
1613603726358	Marionette	INFO	Listening on port 54019
1613603726408	Marionette	WARN	TLS certificate errors will be ignored for this session
1613603726415	Marionette	ERROR	[18] No reply from Marionette:Register
console.warn: SearchSettings: "get: No settings file exists, new profile?" (new Error("", "(unknown module)"))
1613603947353	Marionette	INFO	Stopped listening on port 54019

###!!! [Child][RunMessage] Error: Channel closing: too late to send/recv, messages will be lost

"--marionette" "-foreground" "-no-remote" "-profile" "B:\\temptemp\\rust_mozprofileJkmGJb"
console.warn: SearchSettings: "get: No settings file exists, new profile?" (new Error("", "(unknown module)"))
1613603821420	Marionette	INFO	Listening on port 54138
1613603821502	Marionette	WARN	TLS certificate errors will be ignored for this session
1613603821510	Marionette	ERROR	[18] No reply from Marionette:Register
console.warn: SearchSettings: "get: No settings file exists, new profile?" (new Error("", "(unknown module)"))
1613603902581	Marionette	ERROR	[4294967326] No reply from Marionette:Register
1613603944295	geckodriver	INFO	Listening on 127.0.0.1:54221
1613603947337	mozrunner::runner	INFO	Running command: "C:\\Program Files\\Mozilla Firefox\\firefox.exe" "--marionette" "-foreground" "-no-remote" "-profile" "B:\\temptemp\\rust_mozprofileHmhF2H"
console.warn: SearchSettings: "get: No settings file exists, new profile?" (new Error("", "(unknown module)"))
1613603948855	Marionette	INFO	Listening on port 54229
1613603948957	Marionette	WARN	TLS certificate errors will be ignored for this session
1613603948964	Marionette	ERROR	[18] No reply from Marionette:Register
console.warn: SearchSettings: "get: No settings file exists, new profile?" (new Error("", "(unknown module)"))
1613603996038	geckodriver	INFO	Listening on 127.0.0.1:54302
1613603999096	mozrunner::runner	INFO	Running command: "C:\\Program Files\\Mozilla Firefox\\firefox.exe" "--marionette" "-foreground" "-no-remote" "-profile" "B:\\temptemp\\rust_mozprofile4FhBT9"
console.warn: SearchSettings: "get: No settings file exists, new profile?" (new Error("", "(unknown module)"))
1613604000610	Marionette	INFO	Listening on port 54310
1613604000716	Marionette	WARN	TLS certificate errors will be ignored for this session
1613604000725	Marionette	ERROR	[18] No reply from Marionette:Register
console.warn: SearchSettings: "get: No settings file exists, new profile?" (new Error("", "(unknown module)"))
1613604455875	geckodriver	INFO	Listening on 127.0.0.1:54448
1613604458906	mozrunner::runner	INFO	Running command: "C:\\Program Files\\Mozilla Firefox\\firefox.exe" "--marionette" "-foreground" "-no-remote" "-profile" "B:\\temptemp\\rust_mozprofileFjU9zN"
console.warn: SearchSettings: "get: No settings file exists, new profile?" (new Error("", "(unknown module)"))
1613604460774	Marionette	INFO	Listening on port 54456
1613604461024	Marionette	WARN	TLS certificate errors will be ignored for this session
1613604461031	Marionette	ERROR	[18] No reply from Marionette:Register
console.warn: SearchSettings: "get: No settings file exists, new profile?" (new Error("", "(unknown module)"))
1613604543577	geckodriver	INFO	Listening on 127.0.0.1:54534
1613604546613	mozrunner::runner	INFO	Running command: "C:\\Program Files\\Mozilla Firefox\\firefox.exe" "--marionette" "-foreground" "-no-remote" "-profile" "B:\\temptemp\\rust_mozprofile2IoO2s"
console.warn: SearchSettings: "get: No settings file exists, new profile?" (new Error("", "(unknown module)"))
1613604548053	Marionette	INFO	Listening on port 54542
1613604548229	Marionette	WARN	TLS certificate errors will be ignored for this session
1613604548236	Marionette	ERROR	[18] No reply from Marionette:Register
console.warn: SearchSettings: "get: No settings file exists, new profile?" (new Error("", "(unknown module)"))
console.log: WebExtensions: reset-default-search: No addons in our list are installed.
1613605351742	Marionette	INFO	Stopped listening on port 54542

###!!! [Child][RunMessage] Error: Channel closing: too late to send/recv, messages will be lost

1613605698438	geckodriver	INFO	Listening on 127.0.0.1:55192
1613605701471	mozrunner::runner	INFO	Running command: "C:\\Program Files\\Mozilla Firefox\\firefox.exe" "--marionette" "-foreground" "-no-remote" "-profile" "B:\\temptemp\\rust_mozprofileiDq2HN"
console.warn: SearchSettings: "get: No settings file exists, new profile?" (new Error("", "(unknown module)"))
1613605703650	Marionette	INFO	Listening on port 55200
1613605703703	Marionette	WARN	TLS certificate errors will be ignored for this session
1613605703712	Marionette	ERROR	[15] No reply from Marionette:Register
console.warn: SearchSettings: "get: No settings file exists, new profile?" (new Error("", "(unknown module)"))
1613605958166	Marionette	INFO	Stopped listening on port 55200

###!!! [Child][RunMessage] Error: Channel closing: too late to send/recv, messages will be lost

1613607748623	geckodriver	INFO	Listening on 127.0.0.1:55479
1613607751684	mozrunner::runner	INFO	Running command: "C:\\Program Files\\Mozilla Firefox\\firefox.exe" "--marionette" "-foreground" "-no-remote" "-profile" "B:\\temptemp\\rust_mozprofilexOptG9"
console.warn: SearchSettings: "get: No settings file exists, new profile?" (new Error("", "(unknown module)"))
1613607754087	Marionette	INFO	Listening on port 55487
1613607754411	Marionette	WARN	TLS certificate errors will be ignored for this session
1613607754426	Marionette	ERROR	[15] No reply from Marionette:Register
console.warn: SearchSettings: "get: No settings file exists, new profile?" (new Error("", "(unknown module)"))
console.log: WebExtensions: reset-default-search: No addons in our list are installed.
1613608767124	Marionette	INFO	Stopped listening on port 55487
1613608771787	geckodriver	INFO	Listening on 127.0.0.1:56110
1613608774832	mozrunner::runner	INFO	Running command: "C:\\Program Files\\Mozilla Firefox\\firefox.exe" "--marionette" "-foreground" "-no-remote" "-profile" "B:\\temptemp\\rust_mozprofileRzCTZj"
console.warn: SearchSettings: "get: No settings file exists, new profile?" (new Error("", "(unknown module)"))
1613608776480	Marionette	INFO	Listening on port 56118
1613608776952	Marionette	WARN	TLS certificate errors will be ignored for this session
1613608776960	Marionette	ERROR	[15] No reply from Marionette:Register
console.warn: SearchSettings: "get: No settings file exists, new profile?" (new Error("", "(unknown module)"))
1613608935675	geckodriver	INFO	Listening on 127.0.0.1:56200
1613608938712	mozrunner::runner	INFO	Running command: "C:\\Program Files\\Mozilla Firefox\\firefox.exe" "--marionette" "-foreground" "-no-remote" "-profile" "B:\\temptemp\\rust_mozprofileJo2zax"
console.warn: SearchSettings: "get: No settings file exists, new profile?" (new Error("", "(unknown module)"))
1613608940247	Marionette	INFO	Listening on port 56208
1613608940338	Marionette	WARN	TLS certificate errors will be ignored for this session
1613608940349	Marionette	ERROR	[15] No reply from Marionette:Register
console.warn: SearchSettings: "get: No settings file exists, new profile?" (new Error("", "(unknown module)"))
1613609031222	Marionette	ERROR	[35] No reply from Marionette:Register
1613609111102	geckodriver	INFO	Listening on 127.0.0.1:56321
1613609114147	mozrunner::runner	INFO	Running command: "C:\\Program Files\\Mozilla Firefox\\firefox.exe" "--marionette" "-foreground" "-no-remote" "-profile" "B:\\temptemp\\rust_mozprofile3kHXeD"
console.warn: SearchSettings: "get: No settings file exists, new profile?" (new Error("", "(unknown module)"))
1613609115862	Marionette	INFO	Listening on port 56329
1613609116269	Marionette	WARN	TLS certificate errors will be ignored for this session
1613609116280	Marionette	ERROR	[15] No reply from Marionette:Register
console.warn: SearchSettings: "get: No settings file exists, new profile?" (new Error("", "(unknown module)"))
1613609169391	Marionette	INFO	Stopped listening on port 56329
1613609177782	geckodriver	INFO	Listening on 127.0.0.1:56406
1613609180839	mozrunner::runner	INFO	Running command: "C:\\Program Files\\Mozilla Firefox\\firefox.exe" "--marionette" "-foreground" "-no-remote" "-profile" "B:\\temptemp\\rust_mozprofilehdcUHe"
console.warn: SearchSettings: "get: No settings file exists, new profile?" (new Error("", "(unknown module)"))
1613609182309	Marionette	INFO	Listening on port 56415
1613609182460	Marionette	WARN	TLS certificate errors will be ignored for this session
1613609182469	Marionette	ERROR	[18] No reply from Marionette:Register
console.warn: SearchSettings: "get: No settings file exists, new profile?" (new Error("", "(unknown module)"))
1613609225602	geckodriver	INFO	Listening on 127.0.0.1:56485
1613609228657	mozrunner::runner	INFO	Running command: "C:\\Program Files\\Mozilla Firefox\\firefox.exe" "--marionette" "-foreground" "-no-remote" "-profile" "B:\\temptemp\\rust_mozprofileupFDSw"
console.warn: SearchSettings: "get: No settings file exists, new profile?" (new Error("", "(unknown module)"))
1613609230135	Marionette	INFO	Listening on port 56493
1613609230276	Marionette	WARN	TLS certificate errors will be ignored for this session
1613609230283	Marionette	ERROR	[15] No reply from Marionette:Register
console.warn: SearchSettings: "get: No settings file exists, new profile?" (new Error("", "(unknown module)"))
1613609484332	Marionette	INFO	Stopped listening on port 56493

###!!! [Child][RunMessage] Error: Channel closing: too late to send/recv, messages will be lost

1613609487061	geckodriver	INFO	Listening on 127.0.0.1:56853
1613609490114	mozrunner::runner	INFO	Running command: "C:\\Program Files\\Mozilla Firefox\\firefox.exe" "--marionette" "-foreground" "-no-remote" "-profile" "B:\\temptemp\\rust_mozprofileAYlu3g"
console.warn: SearchSettings: "get: No settings file exists, new profile?" (new Error("", "(unknown module)"))
1613609491646	Marionette	INFO	Listening on port 56861
1613609491734	Marionette	WARN	TLS certificate errors will be ignored for this session
1613609491742	Marionette	ERROR	[18] No reply from Marionette:Register
console.warn: SearchSettings: "get: No settings file exists, new profile?" (new Error("", "(unknown module)"))
1613609546838	Marionette	INFO	Stopped listening on port 56861

###!!! [Child][RunMessage] Error: Channel closing: too late to send/recv, messages will be lost

1613609613327	geckodriver	INFO	Listening on 127.0.0.1:56975
1613609616380	mozrunner::runner	INFO	Running command: "C:\\Program Files\\Mozilla Firefox\\firefox.exe" "--marionette" "-foreground" "-no-remote" "-profile" "B:\\temptemp\\rust_mozprofilev7HLW1"
console.warn: SearchSettings: "get: No settings file exists, new profile?" (new Error("", "(unknown module)"))
1613609617851	Marionette	INFO	Listening on port 56984
1613609618002	Marionette	WARN	TLS certificate errors will be ignored for this session
1613609618010	Marionette	ERROR	[18] No reply from Marionette:Register
console.warn: SearchSettings: "get: No settings file exists, new profile?" (new Error("", "(unknown module)"))
console.log: WebExtensions: reset-default-search: No addons in our list are installed.
1613610636009	Marionette	INFO	Stopped listening on port 56984

###!!! [Child][RunMessage] Error: Channel closing: too late to send/recv, messages will be lost

